1695804455059	geckodriver	INFO	Listening on 127.0.0.1:60745
1695804458105	mozrunner::runner	INFO	Running command: "C:\\Program Files\\Mozilla Firefox\\firefox.exe" "--marionette" "--remote-debugging-port" "60746" "--remote-allow-hosts" "localhost" "-no-remote" "-profile" "C:\\Users\\AW-TES~1\\AppData\\Local\\Temp\\rust_mozprofilexMdYjm"
console.warn: services.settings: Ignoring preference override of remote settings server
console.warn: services.settings: Allow by setting MOZ_REMOTE_SETTINGS_DEVTOOLS=1 in the environment
1695804458546	Marionette	INFO	Marionette enabled
Dynamically enable window occlusion 0
1695804458553	Marionette	INFO	Listening on port 60757
Read port: 60757
WebDriver BiDi listening on ws://127.0.0.1:60746
1695804458712	RemoteAgent	WARN	TLS certificate errors will be ignored for this session
[ERROR glean_core] Error setting metrics feature config: Json(Error("EOF while parsing a value", line: 1, column: 0))
DevTools listening on ws://127.0.0.1:60746/devtools/browser/16a0346d-fb07-42a5-9a37-4a4723b73b44
console.warn: LoginRecipes: "Falling back to a synchronous message for: https://dev.allweb.com.kh:8070."
console.warn: LoginRecipes: "Falling back to a synchronous message for: https://dev.allweb.com.kh:8070."
console.warn: LoginRecipes: "Falling back to a synchronous message for: https://dev.allweb.com.kh."
[Child 16968, Main Thread] WARNING: JSWindowActorChild::SendRawMessage (Conduits, ConduitClosed) not sent: !CanSend() || !mManager || !mManager->CanSend(): file /builds/worker/checkouts/gecko/dom/ipc/jsactor/JSWindowActorChild.cpp:57
[Child 16968, Main Thread] WARNING: JSWindowActorChild::SendRawMessage (Conduits, ConduitClosed) not sent: !CanSend() || !mManager || !mManager->CanSend(): file /builds/worker/checkouts/gecko/dom/ipc/jsactor/JSWindowActorChild.cpp:57
JavaScript error: moz-extension://17cf08e7-dfed-487a-beb0-0779408f1b0b/extension/popup.js, line 4: TypeError: document.querySelector(...) is null
JavaScript error: moz-extension://17cf08e7-dfed-487a-beb0-0779408f1b0b/extension/script.js, line 2: ReferenceError: $ is not defined
[Child 16968, Main Thread] WARNING: JSWindowActorChild::SendRawMessage (Conduits, ConduitClosed) not sent: !CanSend() || !mManager || !mManager->CanSend(): file /builds/worker/checkouts/gecko/dom/ipc/jsactor/JSWindowActorChild.cpp:57
console.error: "Error writing response to: querySelector"
console.error: "Error while calling actor 'domwalker's method 'querySelector'" "can't access dead object"
console.error: (new TypeError("can't access dead object", "resource://devtools/server/actors/inspector/event-collector.js", 276))
console.error: (new Error("Protocol error (TypeError): can't access dead object from: server0.conn0.windowGlobal6442450949/domwalker29 (resource://devtools/server/actors/inspector/event-collector.js:276:22)", "resource://devtools/shared/protocol/Front.js", 383))
console.error: "Error sending event: picker-node-hovered"
console.error: (new TypeError("can't access dead object", "resource://devtools/server/actors/inspector/event-collector.js", 276))
TypeError: can't access dead object: getDOMListeners/<@resource://devtools/server/actors/inspector/event-collector.js:276:22
getDOMListeners@resource://devtools/server/actors/inspector/event-collector.js:274:22
getListeners@resource://devtools/server/actors/inspector/event-collector.js:332:28
hasListeners@resource://devtools/server/actors/inspector/event-collector.js:225:17
hasEventListeners@resource://devtools/server/actors/inspector/event-collector.js:797:21
get _hasEventListeners@resource://devtools/server/actors/inspector/node.js:412:33
form@resource://devtools/server/actors/inspector/node.js:228:7
write@resource://devtools/shared/protocol/types.js:368:32
write@resource://devtools/shared/protocol/types.js:266:39
write@resource://devtools/shared/protocol/Request.js:112:22
write@resource://devtools/shared/protocol/Request.js:42:26
_sendEvent@resource://devtools/shared/protocol/Actor.js:67:24
Actor/<@resource://devtools/shared/protocol/Actor.js:47:16
_emit@resource://devtools/shared/event-emitter.js:242:32
emit@resource://devtools/shared/event-emitter.js:186:18
emit@resource://devtools/shared/event-emitter.js:330:18
_onHovered@resource://devtools/server/actors/inspector/node-picker.js:236:20

console.error: "Error sending event: picker-node-hovered"
console.error: (new TypeError("can't access dead object", "resource://devtools/server/actors/inspector/event-collector.js", 276))
TypeError: can't access dead object: getDOMListeners/<@resource://devtools/server/actors/inspector/event-collector.js:276:22
getDOMListeners@resource://devtools/server/actors/inspector/event-collector.js:274:22
getListeners@resource://devtools/server/actors/inspector/event-collector.js:332:28
hasListeners@resource://devtools/server/actors/inspector/event-collector.js:225:17
hasEventListeners@resource://devtools/server/actors/inspector/event-collector.js:797:21
get _hasEventListeners@resource://devtools/server/actors/inspector/node.js:412:33
form@resource://devtools/server/actors/inspector/node.js:228:7
write@resource://devtools/shared/protocol/types.js:368:32
write@resource://devtools/shared/protocol/types.js:266:39
write@resource://devtools/shared/protocol/Request.js:112:22
write@resource://devtools/shared/protocol/Request.js:42:26
_sendEvent@resource://devtools/shared/protocol/Actor.js:67:24
Actor/<@resource://devtools/shared/protocol/Actor.js:47:16
_emit@resource://devtools/shared/event-emitter.js:242:32
emit@resource://devtools/shared/event-emitter.js:186:18
emit@resource://devtools/shared/event-emitter.js:330:18
_onHovered@resource://devtools/server/actors/inspector/node-picker.js:236:20

console.error: "Error sending event: picker-node-hovered"
console.error: (new TypeError("can't access dead object", "resource://devtools/server/actors/inspector/event-collector.js", 276))
TypeError: can't access dead object: getDOMListeners/<@resource://devtools/server/actors/inspector/event-collector.js:276:22
getDOMListeners@resource://devtools/server/actors/inspector/event-collector.js:274:22
getListeners@resource://devtools/server/actors/inspector/event-collector.js:332:28
hasListeners@resource://devtools/server/actors/inspector/event-collector.js:225:17
hasEventListeners@resource://devtools/server/actors/inspector/event-collector.js:797:21
get _hasEventListeners@resource://devtools/server/actors/inspector/node.js:412:33
form@resource://devtools/server/actors/inspector/node.js:228:7
write@resource://devtools/shared/protocol/types.js:368:32
write@resource://devtools/shared/protocol/types.js:266:39
write@resource://devtools/shared/protocol/Request.js:112:22
write@resource://devtools/shared/protocol/Request.js:42:26
_sendEvent@resource://devtools/shared/protocol/Actor.js:67:24
Actor/<@resource://devtools/shared/protocol/Actor.js:47:16
_emit@resource://devtools/shared/event-emitter.js:242:32
emit@resource://devtools/shared/event-emitter.js:186:18
emit@resource://devtools/shared/event-emitter.js:330:18
_onHovered@resource://devtools/server/actors/inspector/node-picker.js:236:20

console.error: "Error sending event: picker-node-hovered"
console.error: (new TypeError("can't access dead object", "resource://devtools/server/actors/inspector/event-collector.js", 276))
TypeError: can't access dead object: getDOMListeners/<@resource://devtools/server/actors/inspector/event-collector.js:276:22
getDOMListeners@resource://devtools/server/actors/inspector/event-collector.js:274:22
getListeners@resource://devtools/server/actors/inspector/event-collector.js:332:28
hasListeners@resource://devtools/server/actors/inspector/event-collector.js:225:17
hasEventListeners@resource://devtools/server/actors/inspector/event-collector.js:797:21
get _hasEventListeners@resource://devtools/server/actors/inspector/node.js:412:33
form@resource://devtools/server/actors/inspector/node.js:228:7
write@resource://devtools/shared/protocol/types.js:368:32
write@resource://devtools/shared/protocol/types.js:266:39
write@resource://devtools/shared/protocol/Request.js:112:22
write@resource://devtools/shared/protocol/Request.js:42:26
_sendEvent@resource://devtools/shared/protocol/Actor.js:67:24
Actor/<@resource://devtools/shared/protocol/Actor.js:47:16
_emit@resource://devtools/shared/event-emitter.js:242:32
emit@resource://devtools/shared/event-emitter.js:186:18
emit@resource://devtools/shared/event-emitter.js:330:18
_onHovered@resource://devtools/server/actors/inspector/node-picker.js:236:20

Extension error: TypeError: browserType.extension.sendMessage is not a function moz-extension://17cf08e7-dfed-487a-beb0-0779408f1b0b/devtools-panel/devtools.js 1
[[Exception stack
openedTab@moz-extension://17cf08e7-dfed-487a-beb0-0779408f1b0b/devtools-panel/devtools.js:1:422
Current stack
applySafeWithoutClone@resource://gre/modules/ExtensionCommon.jsm:707:41
addListener/asyncWithoutClone/<@resource://gre/modules/ExtensionCommon.jsm:2780:39
]]
WARNING: content window passed to PrivateBrowsingUtils.isWindowPrivate. Use isContentWindowPrivate instead (but only for frame scripts).
pbu_isWindowPrivate@resource://gre/modules/PrivateBrowsingUtils.sys.mjs:23:11
isBrowserPrivate@resource://gre/modules/PrivateBrowsingUtils.sys.mjs:43:19
fixupAndLoadURIString@resource://gre/modules/RemoteWebNavigation.sys.mjs:129:56
fixupAndLoadURIString/<@chrome://global/content/elements/browser-custom-element.js:844:28
_wrapURIChangeCall@chrome://global/content/elements/browser-custom-element.js:772:9
fixupAndLoadURIString@chrome://global/content/elements/browser-custom-element.js:843:12
createBrowserElement@chrome://browser/content/parent/ext-devtools-panels.js:88:18
JavaScript error: moz-extension://17cf08e7-dfed-487a-beb0-0779408f1b0b/extension/background.js, line 8: Error: Promised response from onMessage listener went out of scope
JavaScript error: moz-extension://17cf08e7-dfed-487a-beb0-0779408f1b0b/extension/background.js, line 8: Error: Promised response from onMessage listener went out of scope
JavaScript error: moz-extension://17cf08e7-dfed-487a-beb0-0779408f1b0b/extension/background.js, line 8: Error: Promised response from onMessage listener went out of scope
JavaScript error: moz-extension://17cf08e7-dfed-487a-beb0-0779408f1b0b/extension/background.js, line 8: Error: Promised response from onMessage listener went out of scope
JavaScript error: moz-extension://17cf08e7-dfed-487a-beb0-0779408f1b0b/extension/background.js, line 8: Error: Promised response from onMessage listener went out of scope
JavaScript error: moz-extension://17cf08e7-dfed-487a-beb0-0779408f1b0b/extension/background.js, line 8: Error: Promised response from onMessage listener went out of scope
JavaScript error: moz-extension://17cf08e7-dfed-487a-beb0-0779408f1b0b/extension/background.js, line 8: Error: Promised response from onMessage listener went out of scope
JavaScript error: moz-extension://17cf08e7-dfed-487a-beb0-0779408f1b0b/extension/background.js, line 8: Error: Promised response from onMessage listener went out of scope
JavaScript error: moz-extension://17cf08e7-dfed-487a-beb0-0779408f1b0b/extension/background.js, line 8: Error: Promised response from onMessage listener went out of scope
JavaScript error: moz-extension://17cf08e7-dfed-487a-beb0-0779408f1b0b/extension/background.js, line 8: Error: Promised response from onMessage listener went out of scope
JavaScript error: moz-extension://17cf08e7-dfed-487a-beb0-0779408f1b0b/extension/background.js, line 8: Error: Promised response from onMessage listener went out of scope
JavaScript error: moz-extension://17cf08e7-dfed-487a-beb0-0779408f1b0b/extension/background.js, line 8: Error: Promised response from onMessage listener went out of scope
JavaScript error: moz-extension://17cf08e7-dfed-487a-beb0-0779408f1b0b/extension/background.js, line 8: Error: Promised response from onMessage listener went out of scope
JavaScript error: moz-extension://17cf08e7-dfed-487a-beb0-0779408f1b0b/extension/background.js, line 8: Error: Promised response from onMessage listener went out of scope
JavaScript error: moz-extension://17cf08e7-dfed-487a-beb0-0779408f1b0b/extension/background.js, line 8: Error: Promised response from onMessage listener went out of scope
JavaScript error: moz-extension://17cf08e7-dfed-487a-beb0-0779408f1b0b/extension/background.js, line 8: Error: Promised response from onMessage listener went out of scope
JavaScript error: moz-extension://17cf08e7-dfed-487a-beb0-0779408f1b0b/extension/background.js, line 8: Error: Promised response from onMessage listener went out of scope
JavaScript error: moz-extension://17cf08e7-dfed-487a-beb0-0779408f1b0b/extension/background.js, line 8: Error: Promised response from onMessage listener went out of scope
JavaScript error: moz-extension://17cf08e7-dfed-487a-beb0-0779408f1b0b/extension/background.js, line 8: Error: Promised response from onMessage listener went out of scope
JavaScript error: moz-extension://17cf08e7-dfed-487a-beb0-0779408f1b0b/extension/background.js, line 8: Error: Promised response from onMessage listener went out of scope
JavaScript error: moz-extension://17cf08e7-dfed-487a-beb0-0779408f1b0b/extension/background.js, line 8: Error: Promised response from onMessage listener went out of scope
JavaScript error: moz-extension://17cf08e7-dfed-487a-beb0-0779408f1b0b/extension/background.js, line 8: Error: Promised response from onMessage listener went out of scope
JavaScript error: moz-extension://17cf08e7-dfed-487a-beb0-0779408f1b0b/extension/background.js, line 8: Error: Promised response from onMessage listener went out of scope
JavaScript error: moz-extension://17cf08e7-dfed-487a-beb0-0779408f1b0b/extension/background.js, line 8: Error: Promised response from onMessage listener went out of scope
JavaScript error: moz-extension://17cf08e7-dfed-487a-beb0-0779408f1b0b/extension/background.js, line 8: Error: Promised response from onMessage listener went out of scope
JavaScript error: moz-extension://17cf08e7-dfed-487a-beb0-0779408f1b0b/extension/background.js, line 8: Error: Promised response from onMessage listener went out of scope
JavaScript error: moz-extension://17cf08e7-dfed-487a-beb0-0779408f1b0b/extension/background.js, line 8: Error: Promised response from onMessage listener went out of scope
JavaScript error: moz-extension://17cf08e7-dfed-487a-beb0-0779408f1b0b/extension/background.js, line 8: Error: Promised response from onMessage listener went out of scope
JavaScript error: moz-extension://17cf08e7-dfed-487a-beb0-0779408f1b0b/extension/background.js, line 8: Error: Promised response from onMessage listener went out of scope
JavaScript error: moz-extension://17cf08e7-dfed-487a-beb0-0779408f1b0b/extension/background.js, line 8: Error: Promised response from onMessage listener went out of scope
JavaScript error: moz-extension://17cf08e7-dfed-487a-beb0-0779408f1b0b/extension/background.js, line 8: Error: Promised response from onMessage listener went out of scope
JavaScript error: moz-extension://17cf08e7-dfed-487a-beb0-0779408f1b0b/extension/background.js, line 8: Error: Promised response from onMessage listener went out of scope
JavaScript error: moz-extension://17cf08e7-dfed-487a-beb0-0779408f1b0b/extension/background.js, line 8: Error: Promised response from onMessage listener went out of scope
JavaScript error: moz-extension://17cf08e7-dfed-487a-beb0-0779408f1b0b/extension/background.js, line 8: Error: Promised response from onMessage listener went out of scope
JavaScript error: moz-extension://17cf08e7-dfed-487a-beb0-0779408f1b0b/extension/background.js, line 8: Error: Promised response from onMessage listener went out of scope
JavaScript error: moz-extension://17cf08e7-dfed-487a-beb0-0779408f1b0b/extension/background.js, line 8: Error: Promised response from onMessage listener went out of scope
JavaScript error: moz-extension://17cf08e7-dfed-487a-beb0-0779408f1b0b/extension/background.js, line 8: Error: Promised response from onMessage listener went out of scope
JavaScript error: moz-extension://17cf08e7-dfed-487a-beb0-0779408f1b0b/extension/background.js, line 8: Error: Promised response from onMessage listener went out of scope
JavaScript error: moz-extension://17cf08e7-dfed-487a-beb0-0779408f1b0b/extension/background.js, line 8: Error: Promised response from onMessage listener went out of scope
JavaScript error: moz-extension://17cf08e7-dfed-487a-beb0-0779408f1b0b/extension/background.js, line 8: Error: Promised response from onMessage listener went out of scope
JavaScript error: moz-extension://17cf08e7-dfed-487a-beb0-0779408f1b0b/extension/background.js, line 8: Error: Promised response from onMessage listener went out of scope
console.error: "Error sending event: picker-node-hovered"
console.error: (new TypeError("can't access dead object", "resource://devtools/server/actors/inspector/event-collector.js", 276))
TypeError: can't access dead object: getDOMListeners/<@resource://devtools/server/actors/inspector/event-collector.js:276:22
getDOMListeners@resource://devtools/server/actors/inspector/event-collector.js:274:22
getListeners@resource://devtools/server/actors/inspector/event-collector.js:332:28
hasListeners@resource://devtools/server/actors/inspector/event-collector.js:225:17
hasEventListeners@resource://devtools/server/actors/inspector/event-collector.js:797:21
get _hasEventListeners@resource://devtools/server/actors/inspector/node.js:412:33
form@resource://devtools/server/actors/inspector/node.js:228:7
write@resource://devtools/shared/protocol/types.js:368:32
write@resource://devtools/shared/protocol/types.js:266:39
write@resource://devtools/shared/protocol/Request.js:112:22
write@resource://devtools/shared/protocol/Request.js:42:26
_sendEvent@resource://devtools/shared/protocol/Actor.js:67:24
Actor/<@resource://devtools/shared/protocol/Actor.js:47:16
_emit@resource://devtools/shared/event-emitter.js:242:32
emit@resource://devtools/shared/event-emitter.js:186:18
emit@resource://devtools/shared/event-emitter.js:330:18
_onHovered@resource://devtools/server/actors/inspector/node-picker.js:236:20

console.error: "Error sending event: picker-node-hovered"
console.error: (new TypeError("can't access dead object", "resource://devtools/server/actors/inspector/event-collector.js", 276))
TypeError: can't access dead object: getDOMListeners/<@resource://devtools/server/actors/inspector/event-collector.js:276:22
getDOMListeners@resource://devtools/server/actors/inspector/event-collector.js:274:22
getListeners@resource://devtools/server/actors/inspector/event-collector.js:332:28
hasListeners@resource://devtools/server/actors/inspector/event-collector.js:225:17
hasEventListeners@resource://devtools/server/actors/inspector/event-collector.js:797:21
get _hasEventListeners@resource://devtools/server/actors/inspector/node.js:412:33
form@resource://devtools/server/actors/inspector/node.js:228:7
write@resource://devtools/shared/protocol/types.js:368:32
write@resource://devtools/shared/protocol/types.js:266:39
write@resource://devtools/shared/protocol/Request.js:112:22
write@resource://devtools/shared/protocol/Request.js:42:26
_sendEvent@resource://devtools/shared/protocol/Actor.js:67:24
Actor/<@resource://devtools/shared/protocol/Actor.js:47:16
_emit@resource://devtools/shared/event-emitter.js:242:32
emit@resource://devtools/shared/event-emitter.js:186:18
emit@resource://devtools/shared/event-emitter.js:330:18
_onHovered@resource://devtools/server/actors/inspector/node-picker.js:236:20

JavaScript error: moz-extension://17cf08e7-dfed-487a-beb0-0779408f1b0b/extension/background.js, line 8: Error: Promised response from onMessage listener went out of scope
JavaScript error: moz-extension://17cf08e7-dfed-487a-beb0-0779408f1b0b/extension/background.js, line 8: Error: Promised response from onMessage listener went out of scope
JavaScript error: moz-extension://17cf08e7-dfed-487a-beb0-0779408f1b0b/extension/background.js, line 8: Error: Promised response from onMessage listener went out of scope
JavaScript error: moz-extension://17cf08e7-dfed-487a-beb0-0779408f1b0b/extension/background.js, line 8: Error: Promised response from onMessage listener went out of scope
console.error: "Error sending event: picker-node-hovered"
console.error: (new TypeError("can't access dead object", "resource://devtools/server/actors/inspector/event-collector.js", 276))
TypeError: can't access dead object: getDOMListeners/<@resource://devtools/server/actors/inspector/event-collector.js:276:22
getDOMListeners@resource://devtools/server/actors/inspector/event-collector.js:274:22
getListeners@resource://devtools/server/actors/inspector/event-collector.js:332:28
hasListeners@resource://devtools/server/actors/inspector/event-collector.js:225:17
hasEventListeners@resource://devtools/server/actors/inspector/event-collector.js:797:21
get _hasEventListeners@resource://devtools/server/actors/inspector/node.js:412:33
form@resource://devtools/server/actors/inspector/node.js:228:7
write@resource://devtools/shared/protocol/types.js:368:32
write@resource://devtools/shared/protocol/types.js:266:39
write@resource://devtools/shared/protocol/Request.js:112:22
write@resource://devtools/shared/protocol/Request.js:42:26
_sendEvent@resource://devtools/shared/protocol/Actor.js:67:24
Actor/<@resource://devtools/shared/protocol/Actor.js:47:16
_emit@resource://devtools/shared/event-emitter.js:242:32
emit@resource://devtools/shared/event-emitter.js:186:18
emit@resource://devtools/shared/event-emitter.js:330:18
_onHovered@resource://devtools/server/actors/inspector/node-picker.js:236:20

console.error: "Error sending event: picker-node-hovered"
console.error: (new TypeError("can't access dead object", "resource://devtools/server/actors/inspector/event-collector.js", 276))
TypeError: can't access dead object: getDOMListeners/<@resource://devtools/server/actors/inspector/event-collector.js:276:22
getDOMListeners@resource://devtools/server/actors/inspector/event-collector.js:274:22
getListeners@resource://devtools/server/actors/inspector/event-collector.js:332:28
hasListeners@resource://devtools/server/actors/inspector/event-collector.js:225:17
hasEventListeners@resource://devtools/server/actors/inspector/event-collector.js:797:21
get _hasEventListeners@resource://devtools/server/actors/inspector/node.js:412:33
form@resource://devtools/server/actors/inspector/node.js:228:7
write@resource://devtools/shared/protocol/types.js:368:32
write@resource://devtools/shared/protocol/types.js:266:39
write@resource://devtools/shared/protocol/Request.js:112:22
write@resource://devtools/shared/protocol/Request.js:42:26
_sendEvent@resource://devtools/shared/protocol/Actor.js:67:24
Actor/<@resource://devtools/shared/protocol/Actor.js:47:16
_emit@resource://devtools/shared/event-emitter.js:242:32
emit@resource://devtools/shared/event-emitter.js:186:18
emit@resource://devtools/shared/event-emitter.js:330:18
_onHovered@resource://devtools/server/actors/inspector/node-picker.js:236:20

[Child 16968, Main Thread] WARNING: JSWindowActorChild::SendRawMessage (Conduits, ConduitClosed) not sent: !CanSend() || !mManager || !mManager->CanSend(): file /builds/worker/checkouts/gecko/dom/ipc/jsactor/JSWindowActorChild.cpp:57
[Child 16968, Main Thread] WARNING: JSWindowActorChild::SendRawMessage (Conduits, ConduitClosed) not sent: !CanSend() || !mManager || !mManager->CanSend(): file /builds/worker/checkouts/gecko/dom/ipc/jsactor/JSWindowActorChild.cpp:57
[Child 16968, Main Thread] WARNING: JSWindowActorChild::SendRawMessage (Conduits, ConduitClosed) not sent: !CanSend() || !mManager || !mManager->CanSend(): file /builds/worker/checkouts/gecko/dom/ipc/jsactor/JSWindowActorChild.cpp:57
[Child 16968, Main Thread] WARNING: JSWindowActorChild::SendRawMessage (Conduits, ConduitClosed) not sent: !CanSend() || !mManager || !mManager->CanSend(): file /builds/worker/checkouts/gecko/dom/ipc/jsactor/JSWindowActorChild.cpp:57
[Child 16968, Main Thread] WARNING: JSWindowActorChild::SendRawMessage (Conduits, ConduitClosed) not sent: !CanSend() || !mManager || !mManager->CanSend(): file /builds/worker/checkouts/gecko/dom/ipc/jsactor/JSWindowActorChild.cpp:57
[Child 16968, Main Thread] WARNING: JSWindowActorChild::SendRawMessage (Conduits, ConduitClosed) not sent: !CanSend() || !mManager || !mManager->CanSend(): file /builds/worker/checkouts/gecko/dom/ipc/jsactor/JSWindowActorChild.cpp:57
[Child 16968, Main Thread] WARNING: JSWindowActorChild::SendRawMessage (Conduits, ConduitClosed) not sent: !CanSend() || !mManager || !mManager->CanSend(): file /builds/worker/checkouts/gecko/dom/ipc/jsactor/JSWindowActorChild.cpp:57
JavaScript error: resource://devtools/server/connectors/js-window-actor/DevToolsFrameChild.sys.mjs, line 304: Error: Trying to destroy a target actor that doesn't exists, or has already been destroyed. Watcher Actor ID:server0.conn1.watcher2
JavaScript error: , line 0: NotFoundError: No such JSWindowActor 'DevToolsFrame'
[Child 7084, Main Thread] WARNING: JSWindowActorChild::SendRawMessage (Conduits, ConduitClosed) not sent: !CanSend() || !mManager || !mManager->CanSend(): file /builds/worker/checkouts/gecko/dom/ipc/jsactor/JSWindowActorChild.cpp:57
[Child 7084, Main Thread] WARNING: JSWindowActorChild::SendRawMessage (Conduits, ConduitClosed) not sent: !CanSend() || !mManager || !mManager->CanSend(): file /builds/worker/checkouts/gecko/dom/ipc/jsactor/JSWindowActorChild.cpp:57
[Child 16968, Main Thread] WARNING: JSWindowActorChild::SendRawMessage (Conduits, ConduitClosed) not sent: !CanSend() || !mManager || !mManager->CanSend(): file /builds/worker/checkouts/gecko/dom/ipc/jsactor/JSWindowActorChild.cpp:57
[Child 16968, Main Thread] WARNING: JSWindowActorChild::SendRawMessage (Conduits, ConduitClosed) not sent: !CanSend() || !mManager || !mManager->CanSend(): file /builds/worker/checkouts/gecko/dom/ipc/jsactor/JSWindowActorChild.cpp:57
[Child 16968, Main Thread] WARNING: JSWindowActorChild::SendRawMessage (Conduits, ConduitClosed) not sent: !CanSend() || !mManager || !mManager->CanSend(): file /builds/worker/checkouts/gecko/dom/ipc/jsactor/JSWindowActorChild.cpp:57
[Child 16968, Main Thread] WARNING: JSWindowActorChild::SendRawMessage (Conduits, ConduitClosed) not sent: !CanSend() || !mManager || !mManager->CanSend(): file /builds/worker/checkouts/gecko/dom/ipc/jsactor/JSWindowActorChild.cpp:57
[Child 16968, Main Thread] WARNING: JSWindowActorChild::SendRawMessage (Conduits, ConduitClosed) not sent: !CanSend() || !mManager || !mManager->CanSend(): file /builds/worker/checkouts/gecko/dom/ipc/jsactor/JSWindowActorChild.cpp:57
[Child 16968, Main Thread] WARNING: JSWindowActorChild::SendRawMessage (Conduits, ConduitClosed) not sent: !CanSend() || !mManager || !mManager->CanSend(): file /builds/worker/checkouts/gecko/dom/ipc/jsactor/JSWindowActorChild.cpp:57
[Child 16968, Main Thread] WARNING: JSWindowActorChild::SendRawMessage (Conduits, ConduitClosed) not sent: !CanSend() || !mManager || !mManager->CanSend(): file /builds/worker/checkouts/gecko/dom/ipc/jsactor/JSWindowActorChild.cpp:57
[Child 16968, Main Thread] WARNING: JSWindowActorChild::SendRawMessage (Conduits, ConduitClosed) not sent: !CanSend() || !mManager || !mManager->CanSend(): file /builds/worker/checkouts/gecko/dom/ipc/jsactor/JSWindowActorChild.cpp:57
[Child 16968, Main Thread] WARNING: JSWindowActorChild::SendRawMessage (Conduits, ConduitClosed) not sent: !CanSend() || !mManager || !mManager->CanSend(): file /builds/worker/checkouts/gecko/dom/ipc/jsactor/JSWindowActorChild.cpp:57
[Child 16968, Main Thread] WARNING: JSWindowActorChild::SendRawMessage (Conduits, ConduitClosed) not sent: !CanSend() || !mManager || !mManager->CanSend(): file /builds/worker/checkouts/gecko/dom/ipc/jsactor/JSWindowActorChild.cpp:57
[Child 16968, Main Thread] WARNING: JSWindowActorChild::SendRawMessage (Conduits, ConduitClosed) not sent: !CanSend() || !mManager || !mManager->CanSend(): file /builds/worker/checkouts/gecko/dom/ipc/jsactor/JSWindowActorChild.cpp:57
1695804770941	Marionette	INFO	Stopped listening on port 60757
Dynamically enable window occlusion 1
